[ 2017-08-11T10:12:33+08:00 ] ::1 /onethink/index.php?s=/Admin/Public/login.html
INFO: [ view_parse ] --START--
INFO: [ template_filter ] --START--
INFO: Run Behavior\ContentReplace [ RunTime:0.000000s ]
INFO: [ template_filter ] --END-- [ RunTime:0.001000s ]
INFO: Run Behavior\ParseTemplate [ RunTime:0.059003s ]
INFO: [ view_parse ] --END-- [ RunTime:0.060003s ]
INFO: [ view_filter ] --START--
INFO: Run Behavior\WriteHtmlCache [ RunTime:0.001000s ]
INFO: [ view_filter ] --END-- [ RunTime:0.001000s ]
INFO: [ app_end ] --START--
INFO: Run Behavior\ShowPageTrace [ RunTime:0.001000s ]
INFO: [ app_end ] --END-- [ RunTime:0.002000s ]

[ 2017-08-11T10:12:45+08:00 ] ::1 /onethink/index.php?s=/Admin/Public/login.html
INFO: [ app_begin ] --START--
INFO: Run Behavior\ReadHtmlCache [ RunTime:0.000000s ]
INFO: [ app_begin ] --END-- [ RunTime:0.002000s ]
SQL: SHOW COLUMNS FROM `onethink_ucenter_member` [ RunTime:0.032002s ]
SQL: SELECT * FROM `onethink_ucenter_member` WHERE ( `username` = 'admin' ) LIMIT 1   [ RunTime:0.001000s ]
SQL: UPDATE `onethink_ucenter_member` SET `last_login_time`=1502417565,`last_login_ip`=0 WHERE ( `id` = 1 ) [ RunTime:0.001000s ]
SQL: SHOW COLUMNS FROM `onethink_member` [ RunTime:0.020001s ]
SQL: SELECT `uid`,`nickname`,`sex`,`birthday`,`qq`,`score`,`login`,`reg_ip`,`reg_time`,`last_login_ip`,`last_login_time`,`status` FROM `onethink_member` WHERE ( `uid` = 1 ) LIMIT 1   [ RunTime:0.000000s ]
SQL: SHOW COLUMNS FROM `onethink_action` [ RunTime:0.012001s ]
SQL: SELECT * FROM `onethink_action` WHERE ( `name` = 'user_login' ) LIMIT 1   [ RunTime:0.000000s ]
SQL: SHOW COLUMNS FROM `onethink_action_log` [ RunTime:0.021002s ]
SQL: INSERT INTO `onethink_action_log` (`action_id`,`user_id`,`action_ip`,`model`,`record_id`,`create_time`,`remark`) VALUES (1,1,0,'member',1,1502417565,'admin在2017-08-11 10:12登录了后台') [ RunTime:0.011000s ]
SQL: SELECT * FROM `onethink_action` WHERE ( `name` = 'user_login' ) LIMIT 1   [ RunTime:0.001000s ]
NOTIC: [8] Undefined offset: 1 D:\phpStudy\WWW\Onethink\Application\Common\Common\function.php 第 665 行.
NOTIC: [2] array_key_exists() expects parameter 2 to be array, null given D:\phpStudy\WWW\Onethink\Application\Common\Common\function.php 第 665 行.
SQL: SELECT COUNT(*) AS tp_count FROM `onethink_action_log` WHERE ( `action_id` = 1 ) AND ( `user_id` = 1 ) AND ( `create_time` > 1502331165 ) LIMIT 1   [ RunTime:0.001000s ]
SQL: UPDATE `onethink_member` SET `login`=`login`+1,`last_login_time`=1502417565,`last_login_ip`=0 WHERE ( `uid` = 1 ) [ RunTime:0.001000s ]

[ 2017-08-11T10:12:46+08:00 ] ::1 /onethink/index.php?s=/Admin/Index/index.html
SQL: SHOW COLUMNS FROM `onethink_menu` [ RunTime:0.009001s ]
SQL: SELECT * FROM `onethink_menu` WHERE ( `pid` = 0 ) AND ( `hide` = 0 ) ORDER BY sort asc  [ RunTime:0.001000s ]
SQL: SELECT `id` FROM `onethink_menu` WHERE ( url like '%Index/index%' ) LIMIT 1   [ RunTime:0.000000s ]
SQL: SHOW COLUMNS FROM `onethink_menu` [ RunTime:0.007000s ]
SQL: SELECT `id`,`pid`,`title` FROM `onethink_menu` WHERE ( id=1 ) LIMIT 1   [ RunTime:0.000000s ]
SQL: SELECT DISTINCT  `group` FROM `onethink_menu` WHERE ( pid = 1 )  [ RunTime:0.001000s ]
SQL: SELECT `id`,`url` FROM `onethink_menu` WHERE ( `pid` = 1 ) AND ( `hide` = 0 )  [ RunTime:0.000000s ]
INFO: [ view_parse ] --START--
INFO: [ template_filter ] --START--
INFO: Run Behavior\ContentReplace [ RunTime:0.000000s ]
INFO: [ template_filter ] --END-- [ RunTime:0.001000s ]
INFO: [ AdminIndex ] --START--
SQL: SHOW COLUMNS FROM `onethink_addons` [ RunTime:0.009001s ]
SQL: SELECT `config` FROM `onethink_addons` WHERE ( `name` = 'SiteStat' ) AND ( `status` = 1 ) LIMIT 1   [ RunTime:0.001000s ]
SQL: SHOW COLUMNS FROM `onethink_member` [ RunTime:0.007000s ]
SQL: SELECT COUNT(*) AS tp_count FROM `onethink_member` LIMIT 1   [ RunTime:0.001000s ]
SQL: SHOW COLUMNS FROM `onethink_action_log` [ RunTime:0.007001s ]
SQL: SELECT COUNT(*) AS tp_count FROM `onethink_action_log` LIMIT 1   [ RunTime:0.000000s ]
SQL: SHOW COLUMNS FROM `onethink_document` [ RunTime:0.018001s ]
SQL: SELECT COUNT(*) AS tp_count FROM `onethink_document` LIMIT 1   [ RunTime:0.000000s ]
SQL: SHOW COLUMNS FROM `onethink_category` [ RunTime:0.026001s ]
SQL: SELECT COUNT(*) AS tp_count FROM `onethink_category` LIMIT 1   [ RunTime:0.000000s ]
SQL: SHOW COLUMNS FROM `onethink_model` [ RunTime:0.023002s ]
SQL: SELECT COUNT(*) AS tp_count FROM `onethink_model` LIMIT 1   [ RunTime:0.001000s ]
INFO: [ view_parse ] --START--
INFO: [ template_filter ] --START--
INFO: Run Behavior\ContentReplace [ RunTime:0.000000s ]
INFO: [ template_filter ] --END-- [ RunTime:-0.114007s ]
INFO: Run Behavior\ParseTemplate [ RunTime:0.005000s ]
INFO: [ view_parse ] --END-- [ RunTime:0.005000s ]
INFO: [ view_filter ] --START--
INFO: Run Behavior\WriteHtmlCache [ RunTime:0.001000s ]
INFO: [ view_filter ] --END-- [ RunTime:0.001000s ]
INFO: Run SiteStat [ RunTime:0.114007s ]
SQL: SELECT `config` FROM `onethink_addons` WHERE ( `name` = 'SystemInfo' ) AND ( `status` = 1 ) LIMIT 1   [ RunTime:0.001000s ]
INFO: [ view_parse ] --START--
INFO: [ template_filter ] --START--
INFO: Run Behavior\ContentReplace [ RunTime:0.000000s ]
INFO: [ template_filter ] --END-- [ RunTime:-0.295017s ]
SQL: select version() as v; [ RunTime:0.001000s ]
INFO: Run Behavior\ParseTemplate [ RunTime:0.040002s ]
INFO: [ view_parse ] --END-- [ RunTime:-0.160009s ]
INFO: [ view_filter ] --START--
INFO: Run Behavior\WriteHtmlCache [ RunTime:0.000000s ]
INFO: [ view_filter ] --END-- [ RunTime:-0.200011s ]
INFO: Run SystemInfo [ RunTime:0.201012s ]
SQL: SELECT `config` FROM `onethink_addons` WHERE ( `name` = 'DevTeam' ) AND ( `status` = 1 ) LIMIT 1   [ RunTime:0.001000s ]
INFO: [ view_parse ] --START--
INFO: [ template_filter ] --START--
INFO: Run Behavior\ContentReplace [ RunTime:0.001000s ]
INFO: [ template_filter ] --END-- [ RunTime:-0.349020s ]
INFO: Run Behavior\ParseTemplate [ RunTime:0.027002s ]
INFO: [ view_parse ] --END-- [ RunTime:-0.210012s ]
INFO: [ view_filter ] --START--
INFO: Run Behavior\WriteHtmlCache [ RunTime:0.000000s ]
INFO: [ view_filter ] --END-- [ RunTime:-0.236014s ]
INFO: Run DevTeam [ RunTime:0.036002s ]
INFO: [ AdminIndex ] --END-- [ RunTime:0.351021s ]
INFO: Run Behavior\ParseTemplate [ RunTime:0.028002s ]
INFO: [ view_parse ] --END-- [ RunTime:-0.210012s ]
INFO: [ view_filter ] --START--
INFO: Run Behavior\WriteHtmlCache [ RunTime:0.000000s ]
INFO: [ view_filter ] --END-- [ RunTime:-0.237014s ]
INFO: [ app_end ] --START--
INFO: Run Behavior\ShowPageTrace [ RunTime:0.003000s ]
INFO: [ app_end ] --END-- [ RunTime:0.003000s ]

[ 2017-08-11T10:12:50+08:00 ] ::1 /onethink/index.php?s=/Admin/Article/mydocument.html
SQL: SHOW COLUMNS FROM `onethink_menu` [ RunTime:0.008001s ]
SQL: SELECT * FROM `onethink_menu` WHERE ( `pid` = 0 ) AND ( `hide` = 0 ) ORDER BY sort asc  [ RunTime:0.001000s ]
SQL: SELECT `id` FROM `onethink_menu` WHERE ( url like '%Article/mydocument%' ) LIMIT 1   [ RunTime:0.001000s ]
SQL: SHOW COLUMNS FROM `onethink_menu` [ RunTime:0.007000s ]
SQL: SELECT `id`,`pid`,`title` FROM `onethink_menu` WHERE ( id=2 ) LIMIT 1   [ RunTime:0.000000s ]
SQL: SELECT DISTINCT  `group` FROM `onethink_menu` WHERE ( pid = 2 )  [ RunTime:0.000000s ]
SQL: SELECT `id`,`url` FROM `onethink_menu` WHERE ( `pid` = 2 ) AND ( `hide` = 0 )  [ RunTime:0.000000s ]
SQL: SELECT `id`,`pid`,`title`,`url`,`tip` FROM `onethink_menu` WHERE ( `group` = '内容' ) AND ( `pid` = 2 ) AND ( `hide` = 0 ) ORDER BY sort asc  [ RunTime:0.000000s ]
SQL: SHOW COLUMNS FROM `onethink_auth_group_access` [ RunTime:0.021001s ]
SQL: SELECT `extend_id` FROM onethink_auth_group_access g INNER JOIN onethink_auth_extend c on g.group_id=c.group_id  WHERE ( g.uid='1' and c.type='1' and !isnull(extend_id) )  [ RunTime:0.002000s ]
SQL: SHOW COLUMNS FROM `onethink_category` [ RunTime:0.008000s ]
SQL: SELECT `id`,`title`,`pid`,`allow_publish` FROM `onethink_category` WHERE ( `status` = 1 ) ORDER BY pid,sort  [ RunTime:0.000000s ]
SQL: SHOW COLUMNS FROM `onethink_document` [ RunTime:0.008000s ]
SQL: SELECT COUNT(*) AS tp_count FROM `onethink_document` WHERE ( `status` IN ('0','1','2') ) AND ( `uid` = 1 ) AND ( `pid` = 0 ) LIMIT 1   [ RunTime:0.009001s ]
SQL: SELECT `id`,`uid`,`name`,`title`,`category_id`,`description`,`root`,`pid`,`model_id`,`type`,`position`,`link_id`,`cover_id`,`display`,`deadline`,`attach`,`view`,`comment`,`extend`,`level`,`create_time`,`update_time`,`status` FROM `onethink_document` WHERE ( `status` IN ('0','1','2') ) AND ( `uid` = 1 ) AND ( `pid` = 0 ) ORDER BY update_time desc LIMIT 0,10   [ RunTime:0.001000s ]
INFO: [ view_parse ] --START--
INFO: [ template_filter ] --START--
INFO: Run Behavior\ContentReplace [ RunTime:0.001000s ]
INFO: [ template_filter ] --END-- [ RunTime:0.001000s ]
SQL: SHOW COLUMNS FROM `onethink_document` [ RunTime:0.009000s ]
SQL: SELECT COUNT(*) AS tp_count FROM `onethink_document` WHERE ( pid=1 ) LIMIT 1   [ RunTime:0.000000s ]
SQL: SELECT `title` FROM `onethink_category` WHERE ( id=2 ) LIMIT 1   [ RunTime:0.001000s ]
INFO: Run Behavior\ParseTemplate [ RunTime:0.068004s ]
INFO: [ view_parse ] --END-- [ RunTime:0.068004s ]
INFO: [ view_filter ] --START--
INFO: Run Behavior\WriteHtmlCache [ RunTime:0.001000s ]
INFO: [ view_filter ] --END-- [ RunTime:0.001000s ]
INFO: [ app_end ] --START--
INFO: Run Behavior\ShowPageTrace [ RunTime:0.001000s ]
INFO: [ app_end ] --END-- [ RunTime:0.001000s ]

[ 2017-08-11T10:12:51+08:00 ] ::1 /onethink/index.php?s=/Admin/Repair/index.html
SQL: SHOW COLUMNS FROM `onethink_menu` [ RunTime:0.024002s ]
SQL: SELECT * FROM `onethink_menu` WHERE ( `pid` = 0 ) AND ( `hide` = 0 ) ORDER BY sort asc  [ RunTime:0.001000s ]
SQL: SELECT `id` FROM `onethink_menu` WHERE ( url like '%Repair/index%' ) LIMIT 1   [ RunTime:0.001000s ]
SQL: SHOW COLUMNS FROM `onethink_menu` [ RunTime:0.007000s ]
SQL: SELECT `id`,`pid`,`title` FROM `onethink_menu` WHERE ( id=122 ) LIMIT 1   [ RunTime:0.001000s ]
SQL: SELECT DISTINCT  `group` FROM `onethink_menu` WHERE ( pid = 122 )  [ RunTime:0.001001s ]
SQL: SELECT `id`,`url` FROM `onethink_menu` WHERE ( `pid` = 122 ) AND ( `hide` = 0 )  [ RunTime:0.001000s ]
SQL: SELECT `id`,`pid`,`title`,`url`,`tip` FROM `onethink_menu` WHERE ( `group` = '物业' ) AND ( `pid` = 122 ) AND ( `hide` = 0 ) ORDER BY sort asc  [ RunTime:0.001000s ]
SQL: SELECT `id`,`pid`,`title`,`url`,`tip` FROM `onethink_menu` WHERE ( `group` = '' ) AND ( `pid` = 122 ) AND ( `hide` = 0 ) ORDER BY sort asc  [ RunTime:0.001000s ]
SQL: SHOW COLUMNS FROM `onethink_repairs` [ RunTime:0.040002s ]
SQL: SELECT * FROM `onethink_repairs` WHERE ( `status` > -1 )  [ RunTime:0.001000s ]
INFO: [ view_parse ] --START--
INFO: [ template_filter ] --START--
INFO: Run Behavior\ContentReplace [ RunTime:0.001000s ]
INFO: [ template_filter ] --END-- [ RunTime:0.001000s ]
NOTIC: [8] Undefined variable: vo D:\phpStudy\WWW\Onethink\Runtime\Cache\Admin\bebbb551f58430e1d7154d620e287755.php 第 125 行.
NOTIC: [8] Undefined variable: vo D:\phpStudy\WWW\Onethink\Runtime\Cache\Admin\bebbb551f58430e1d7154d620e287755.php 第 125 行.
NOTIC: [8] Undefined variable: vo D:\phpStudy\WWW\Onethink\Runtime\Cache\Admin\bebbb551f58430e1d7154d620e287755.php 第 125 行.
NOTIC: [8] Undefined variable: vo D:\phpStudy\WWW\Onethink\Runtime\Cache\Admin\bebbb551f58430e1d7154d620e287755.php 第 125 行.
INFO: Run Behavior\ParseTemplate [ RunTime:0.030002s ]
INFO: [ view_parse ] --END-- [ RunTime:0.030002s ]
INFO: [ view_filter ] --START--
INFO: Run Behavior\WriteHtmlCache [ RunTime:0.001000s ]
INFO: [ view_filter ] --END-- [ RunTime:0.001000s ]
INFO: [ app_end ] --START--
INFO: Run Behavior\ShowPageTrace [ RunTime:0.001000s ]
INFO: [ app_end ] --END-- [ RunTime:0.002000s ]

[ 2017-08-11T10:12:54+08:00 ] ::1 /onethink/index.php?s=/Admin/Repair/add/pid/0.html
SQL: SHOW COLUMNS FROM `onethink_menu` [ RunTime:0.008000s ]
SQL: SELECT * FROM `onethink_menu` WHERE ( `pid` = 0 ) AND ( `hide` = 0 ) ORDER BY sort asc  [ RunTime:0.001000s ]
SQL: SELECT `id` FROM `onethink_menu` WHERE ( url like '%Repair/add%' ) LIMIT 1   [ RunTime:0.001000s ]
SQL: SHOW COLUMNS FROM `onethink_menu` [ RunTime:0.007000s ]
SQL: SELECT `id`,`pid`,`title` FROM `onethink_menu` WHERE ( id=124 ) LIMIT 1   [ RunTime:0.000000s ]
SQL: SELECT `id`,`pid`,`title` FROM `onethink_menu` WHERE ( id=122 ) LIMIT 1   [ RunTime:0.001000s ]
SQL: SELECT DISTINCT  `group` FROM `onethink_menu` WHERE ( pid = 122 )  [ RunTime:0.001000s ]
SQL: SELECT `id`,`url` FROM `onethink_menu` WHERE ( `pid` = 122 ) AND ( `hide` = 0 )  [ RunTime:0.000000s ]
SQL: SELECT `id`,`pid`,`title`,`url`,`tip` FROM `onethink_menu` WHERE ( `group` = '物业' ) AND ( `pid` = 122 ) AND ( `hide` = 0 ) ORDER BY sort asc  [ RunTime:0.000000s ]
SQL: SELECT `id`,`pid`,`title`,`url`,`tip` FROM `onethink_menu` WHERE ( `group` = '' ) AND ( `pid` = 122 ) AND ( `hide` = 0 ) ORDER BY sort asc  [ RunTime:0.001000s ]
INFO: [ view_parse ] --START--
INFO: [ template_filter ] --START--
INFO: Run Behavior\ContentReplace [ RunTime:0.000000s ]
INFO: [ template_filter ] --END-- [ RunTime:0.000000s ]
INFO: Run Behavior\ParseTemplate [ RunTime:0.027002s ]
INFO: [ view_parse ] --END-- [ RunTime:0.027002s ]
INFO: [ view_filter ] --START--
INFO: Run Behavior\WriteHtmlCache [ RunTime:0.000000s ]
INFO: [ view_filter ] --END-- [ RunTime:0.000000s ]
INFO: [ app_end ] --START--
INFO: Run Behavior\ShowPageTrace [ RunTime:0.002000s ]
INFO: [ app_end ] --END-- [ RunTime:0.002000s ]

[ 2017-08-11T10:13:02+08:00 ] ::1 /onethink/index.php?s=/Admin/Repair/add.html
INFO: [ app_begin ] --START--
INFO: Run Behavior\ReadHtmlCache [ RunTime:0.001000s ]
INFO: [ app_begin ] --END-- [ RunTime:0.001000s ]
SQL: SHOW COLUMNS FROM `onethink_menu` [ RunTime:0.006001s ]
SQL: SELECT * FROM `onethink_menu` WHERE ( `pid` = 0 ) AND ( `hide` = 0 ) ORDER BY sort asc  [ RunTime:0.001000s ]
SQL: SELECT `id` FROM `onethink_menu` WHERE ( url like '%Repair/add%' ) LIMIT 1   [ RunTime:0.000000s ]
SQL: SHOW COLUMNS FROM `onethink_menu` [ RunTime:0.008000s ]
SQL: SELECT `id`,`pid`,`title` FROM `onethink_menu` WHERE ( id=124 ) LIMIT 1   [ RunTime:0.000000s ]
SQL: SELECT `id`,`pid`,`title` FROM `onethink_menu` WHERE ( id=122 ) LIMIT 1   [ RunTime:0.000000s ]
SQL: SELECT DISTINCT  `group` FROM `onethink_menu` WHERE ( pid = 122 )  [ RunTime:0.001000s ]
SQL: SELECT `id`,`url` FROM `onethink_menu` WHERE ( `pid` = 122 ) AND ( `hide` = 0 )  [ RunTime:0.001000s ]
SQL: SELECT `id`,`pid`,`title`,`url`,`tip` FROM `onethink_menu` WHERE ( `group` = '物业' ) AND ( `pid` = 122 ) AND ( `hide` = 0 ) ORDER BY sort asc  [ RunTime:0.001001s ]
SQL: SELECT `id`,`pid`,`title`,`url`,`tip` FROM `onethink_menu` WHERE ( `group` = '' ) AND ( `pid` = 122 ) AND ( `hide` = 0 ) ORDER BY sort asc  [ RunTime:0.001000s ]
SQL: SHOW COLUMNS FROM `onethink_repairs` [ RunTime:0.009000s ]
SQL: INSERT INTO `onethink_repairs` (`name`,`tel`,`address`,`question`,`status`,`id`,`time`,`sn`) VALUES ('','','','',0,0,1502417574,'2017081110000}') [ RunTime:0.038002s ]

[ 2017-08-11T10:13:04+08:00 ] ::1 /onethink/index.php?s=/Admin/Repair/index.html
SQL: SHOW COLUMNS FROM `onethink_menu` [ RunTime:0.007000s ]
SQL: SELECT * FROM `onethink_menu` WHERE ( `pid` = 0 ) AND ( `hide` = 0 ) ORDER BY sort asc  [ RunTime:0.001000s ]
SQL: SELECT `id` FROM `onethink_menu` WHERE ( url like '%Repair/index%' ) LIMIT 1   [ RunTime:0.000000s ]
SQL: SHOW COLUMNS FROM `onethink_menu` [ RunTime:0.007001s ]
SQL: SELECT `id`,`pid`,`title` FROM `onethink_menu` WHERE ( id=122 ) LIMIT 1   [ RunTime:0.000000s ]
SQL: SELECT DISTINCT  `group` FROM `onethink_menu` WHERE ( pid = 122 )  [ RunTime:0.000000s ]
SQL: SELECT `id`,`url` FROM `onethink_menu` WHERE ( `pid` = 122 ) AND ( `hide` = 0 )  [ RunTime:0.000000s ]
SQL: SELECT `id`,`pid`,`title`,`url`,`tip` FROM `onethink_menu` WHERE ( `group` = '物业' ) AND ( `pid` = 122 ) AND ( `hide` = 0 ) ORDER BY sort asc  [ RunTime:0.001000s ]
SQL: SELECT `id`,`pid`,`title`,`url`,`tip` FROM `onethink_menu` WHERE ( `group` = '' ) AND ( `pid` = 122 ) AND ( `hide` = 0 ) ORDER BY sort asc  [ RunTime:0.001000s ]
SQL: SHOW COLUMNS FROM `onethink_repairs` [ RunTime:0.007000s ]
SQL: SELECT * FROM `onethink_repairs` WHERE ( `status` > -1 )  [ RunTime:0.000000s ]
INFO: [ view_parse ] --START--
INFO: [ template_filter ] --START--
INFO: Run Behavior\ContentReplace [ RunTime:0.001000s ]
INFO: [ template_filter ] --END-- [ RunTime:0.001000s ]
NOTIC: [8] Undefined variable: vo D:\phpStudy\WWW\Onethink\Runtime\Cache\Admin\bebbb551f58430e1d7154d620e287755.php 第 125 行.
NOTIC: [8] Undefined variable: vo D:\phpStudy\WWW\Onethink\Runtime\Cache\Admin\bebbb551f58430e1d7154d620e287755.php 第 125 行.
NOTIC: [8] Undefined variable: vo D:\phpStudy\WWW\Onethink\Runtime\Cache\Admin\bebbb551f58430e1d7154d620e287755.php 第 125 行.
NOTIC: [8] Undefined variable: vo D:\phpStudy\WWW\Onethink\Runtime\Cache\Admin\bebbb551f58430e1d7154d620e287755.php 第 125 行.
NOTIC: [8] Undefined variable: vo D:\phpStudy\WWW\Onethink\Runtime\Cache\Admin\bebbb551f58430e1d7154d620e287755.php 第 125 行.
INFO: Run Behavior\ParseTemplate [ RunTime:0.029001s ]
INFO: [ view_parse ] --END-- [ RunTime:0.029001s ]
INFO: [ view_filter ] --START--
INFO: Run Behavior\WriteHtmlCache [ RunTime:0.001000s ]
INFO: [ view_filter ] --END-- [ RunTime:0.001000s ]
INFO: [ app_end ] --START--
INFO: Run Behavior\ShowPageTrace [ RunTime:0.001000s ]
INFO: [ app_end ] --END-- [ RunTime:0.001000s ]

[ 2017-08-11T10:13:12+08:00 ] ::1 /onethink/index.php?s=/Admin/Repair/del/id/9.html
INFO: [ app_begin ] --START--
INFO: Run Behavior\ReadHtmlCache [ RunTime:0.001000s ]
INFO: [ app_begin ] --END-- [ RunTime:0.001000s ]
SQL: SHOW COLUMNS FROM `onethink_menu` [ RunTime:0.007000s ]
SQL: SELECT * FROM `onethink_menu` WHERE ( `pid` = 0 ) AND ( `hide` = 0 ) ORDER BY sort asc  [ RunTime:0.002001s ]
SQL: SELECT `id` FROM `onethink_menu` WHERE ( url like '%Repair/del%' ) LIMIT 1   [ RunTime:0.001000s ]
SQL: SHOW COLUMNS FROM `onethink_repairs` [ RunTime:0.008000s ]
SQL: DELETE FROM `onethink_repairs` WHERE ( `id` IN ('9') ) [ RunTime:0.058003s ]
SQL: SHOW COLUMNS FROM `onethink_action` [ RunTime:0.007001s ]
SQL: SELECT * FROM `onethink_action` WHERE ( `name` = 'update_repair' ) LIMIT 1   [ RunTime:0.000000s ]

[ 2017-08-11T10:13:13+08:00 ] ::1 /onethink/index.php?s=/Admin/Repair/index.html
SQL: SHOW COLUMNS FROM `onethink_menu` [ RunTime:0.007000s ]
SQL: SELECT * FROM `onethink_menu` WHERE ( `pid` = 0 ) AND ( `hide` = 0 ) ORDER BY sort asc  [ RunTime:0.001000s ]
SQL: SELECT `id` FROM `onethink_menu` WHERE ( url like '%Repair/index%' ) LIMIT 1   [ RunTime:0.001000s ]
SQL: SHOW COLUMNS FROM `onethink_menu` [ RunTime:0.007001s ]
SQL: SELECT `id`,`pid`,`title` FROM `onethink_menu` WHERE ( id=122 ) LIMIT 1   [ RunTime:0.000000s ]
SQL: SELECT DISTINCT  `group` FROM `onethink_menu` WHERE ( pid = 122 )  [ RunTime:0.000000s ]
SQL: SELECT `id`,`url` FROM `onethink_menu` WHERE ( `pid` = 122 ) AND ( `hide` = 0 )  [ RunTime:0.000000s ]
SQL: SELECT `id`,`pid`,`title`,`url`,`tip` FROM `onethink_menu` WHERE ( `group` = '物业' ) AND ( `pid` = 122 ) AND ( `hide` = 0 ) ORDER BY sort asc  [ RunTime:0.000000s ]
SQL: SELECT `id`,`pid`,`title`,`url`,`tip` FROM `onethink_menu` WHERE ( `group` = '' ) AND ( `pid` = 122 ) AND ( `hide` = 0 ) ORDER BY sort asc  [ RunTime:0.000000s ]
SQL: SHOW COLUMNS FROM `onethink_repairs` [ RunTime:0.007001s ]
SQL: SELECT * FROM `onethink_repairs` WHERE ( `status` > -1 )  [ RunTime:0.001000s ]
INFO: [ view_parse ] --START--
INFO: [ template_filter ] --START--
INFO: Run Behavior\ContentReplace [ RunTime:0.000000s ]
INFO: [ template_filter ] --END-- [ RunTime:0.001000s ]
NOTIC: [8] Undefined variable: vo D:\phpStudy\WWW\Onethink\Runtime\Cache\Admin\bebbb551f58430e1d7154d620e287755.php 第 125 行.
NOTIC: [8] Undefined variable: vo D:\phpStudy\WWW\Onethink\Runtime\Cache\Admin\bebbb551f58430e1d7154d620e287755.php 第 125 行.
NOTIC: [8] Undefined variable: vo D:\phpStudy\WWW\Onethink\Runtime\Cache\Admin\bebbb551f58430e1d7154d620e287755.php 第 125 行.
NOTIC: [8] Undefined variable: vo D:\phpStudy\WWW\Onethink\Runtime\Cache\Admin\bebbb551f58430e1d7154d620e287755.php 第 125 行.
INFO: Run Behavior\ParseTemplate [ RunTime:0.029001s ]
INFO: [ view_parse ] --END-- [ RunTime:0.029001s ]
INFO: [ view_filter ] --START--
INFO: Run Behavior\WriteHtmlCache [ RunTime:0.001000s ]
INFO: [ view_filter ] --END-- [ RunTime:0.001000s ]
INFO: [ app_end ] --START--
INFO: Run Behavior\ShowPageTrace [ RunTime:0.001000s ]
INFO: [ app_end ] --END-- [ RunTime:0.001000s ]

[ 2017-08-11T10:16:58+08:00 ] ::1 /onethink/index.php?s=/Admin/Repair/add/pid/0.html
SQL: SHOW COLUMNS FROM `onethink_menu` [ RunTime:0.016001s ]
SQL: SELECT * FROM `onethink_menu` WHERE ( `pid` = 0 ) AND ( `hide` = 0 ) ORDER BY sort asc  [ RunTime:0.001000s ]
SQL: SELECT `id` FROM `onethink_menu` WHERE ( url like '%Repair/add%' ) LIMIT 1   [ RunTime:0.001000s ]
SQL: SHOW COLUMNS FROM `onethink_menu` [ RunTime:0.011001s ]
SQL: SELECT `id`,`pid`,`title` FROM `onethink_menu` WHERE ( id=124 ) LIMIT 1   [ RunTime:0.001000s ]
SQL: SELECT `id`,`pid`,`title` FROM `onethink_menu` WHERE ( id=122 ) LIMIT 1   [ RunTime:0.001000s ]
SQL: SELECT DISTINCT  `group` FROM `onethink_menu` WHERE ( pid = 122 )  [ RunTime:0.001000s ]
SQL: SELECT `id`,`url` FROM `onethink_menu` WHERE ( `pid` = 122 ) AND ( `hide` = 0 )  [ RunTime:0.001000s ]
SQL: SELECT `id`,`pid`,`title`,`url`,`tip` FROM `onethink_menu` WHERE ( `group` = '物业' ) AND ( `pid` = 122 ) AND ( `hide` = 0 ) ORDER BY sort asc  [ RunTime:0.001000s ]
SQL: SELECT `id`,`pid`,`title`,`url`,`tip` FROM `onethink_menu` WHERE ( `group` = '' ) AND ( `pid` = 122 ) AND ( `hide` = 0 ) ORDER BY sort asc  [ RunTime:0.000000s ]
INFO: [ view_parse ] --START--
INFO: [ template_filter ] --START--
INFO: Run Behavior\ContentReplace [ RunTime:0.001000s ]
INFO: [ template_filter ] --END-- [ RunTime:0.001000s ]
INFO: Run Behavior\ParseTemplate [ RunTime:0.039002s ]
INFO: [ view_parse ] --END-- [ RunTime:0.039002s ]
INFO: [ view_filter ] --START--
INFO: Run Behavior\WriteHtmlCache [ RunTime:0.000000s ]
INFO: [ view_filter ] --END-- [ RunTime:0.002000s ]
INFO: [ app_end ] --START--
INFO: Run Behavior\ShowPageTrace [ RunTime:0.002001s ]
INFO: [ app_end ] --END-- [ RunTime:0.002001s ]

[ 2017-08-11T10:16:59+08:00 ] ::1 /onethink/index.php?s=/Admin/Repair/add/pid/0.html
SQL: SHOW COLUMNS FROM `onethink_menu` [ RunTime:0.017001s ]
SQL: SELECT * FROM `onethink_menu` WHERE ( `pid` = 0 ) AND ( `hide` = 0 ) ORDER BY sort asc  [ RunTime:0.002000s ]
SQL: SELECT `id` FROM `onethink_menu` WHERE ( url like '%Repair/add%' ) LIMIT 1   [ RunTime:0.001000s ]
SQL: SHOW COLUMNS FROM `onethink_menu` [ RunTime:0.017001s ]
SQL: SELECT `id`,`pid`,`title` FROM `onethink_menu` WHERE ( id=124 ) LIMIT 1   [ RunTime:0.001000s ]
SQL: SELECT `id`,`pid`,`title` FROM `onethink_menu` WHERE ( id=122 ) LIMIT 1   [ RunTime:0.000000s ]
SQL: SELECT DISTINCT  `group` FROM `onethink_menu` WHERE ( pid = 122 )  [ RunTime:0.001000s ]
SQL: SELECT `id`,`url` FROM `onethink_menu` WHERE ( `pid` = 122 ) AND ( `hide` = 0 )  [ RunTime:0.000000s ]
SQL: SELECT `id`,`pid`,`title`,`url`,`tip` FROM `onethink_menu` WHERE ( `group` = '物业' ) AND ( `pid` = 122 ) AND ( `hide` = 0 ) ORDER BY sort asc  [ RunTime:0.000000s ]
SQL: SELECT `id`,`pid`,`title`,`url`,`tip` FROM `onethink_menu` WHERE ( `group` = '' ) AND ( `pid` = 122 ) AND ( `hide` = 0 ) ORDER BY sort asc  [ RunTime:0.001001s ]
INFO: [ view_parse ] --START--
INFO: [ template_filter ] --START--
INFO: Run Behavior\ContentReplace [ RunTime:0.000000s ]
INFO: [ template_filter ] --END-- [ RunTime:0.000000s ]
INFO: Run Behavior\ParseTemplate [ RunTime:0.031001s ]
INFO: [ view_parse ] --END-- [ RunTime:0.031001s ]
INFO: [ view_filter ] --START--
INFO: Run Behavior\WriteHtmlCache [ RunTime:0.001000s ]
INFO: [ view_filter ] --END-- [ RunTime:0.001000s ]
INFO: [ app_end ] --START--
INFO: Run Behavior\ShowPageTrace [ RunTime:0.001000s ]
INFO: [ app_end ] --END-- [ RunTime:0.001000s ]

[ 2017-08-11T10:17:02+08:00 ] ::1 /onethink/index.php?s=/Admin/Repair/add.html
INFO: [ app_begin ] --START--
INFO: Run Behavior\ReadHtmlCache [ RunTime:0.001000s ]
INFO: [ app_begin ] --END-- [ RunTime:0.002000s ]
SQL: SHOW COLUMNS FROM `onethink_menu` [ RunTime:0.013001s ]
SQL: SELECT * FROM `onethink_menu` WHERE ( `pid` = 0 ) AND ( `hide` = 0 ) ORDER BY sort asc  [ RunTime:0.001000s ]
SQL: SELECT `id` FROM `onethink_menu` WHERE ( url like '%Repair/add%' ) LIMIT 1   [ RunTime:0.000000s ]
SQL: SHOW COLUMNS FROM `onethink_menu` [ RunTime:0.015001s ]
SQL: SELECT `id`,`pid`,`title` FROM `onethink_menu` WHERE ( id=124 ) LIMIT 1   [ RunTime:0.001000s ]
SQL: SELECT `id`,`pid`,`title` FROM `onethink_menu` WHERE ( id=122 ) LIMIT 1   [ RunTime:0.000000s ]
SQL: SELECT DISTINCT  `group` FROM `onethink_menu` WHERE ( pid = 122 )  [ RunTime:0.002000s ]
SQL: SELECT `id`,`url` FROM `onethink_menu` WHERE ( `pid` = 122 ) AND ( `hide` = 0 )  [ RunTime:0.001000s ]
SQL: SELECT `id`,`pid`,`title`,`url`,`tip` FROM `onethink_menu` WHERE ( `group` = '物业' ) AND ( `pid` = 122 ) AND ( `hide` = 0 ) ORDER BY sort asc  [ RunTime:0.001000s ]
SQL: SELECT `id`,`pid`,`title`,`url`,`tip` FROM `onethink_menu` WHERE ( `group` = '' ) AND ( `pid` = 122 ) AND ( `hide` = 0 ) ORDER BY sort asc  [ RunTime:0.000000s ]
SQL: SHOW COLUMNS FROM `onethink_repairs` [ RunTime:0.014001s ]
SQL: INSERT INTO `onethink_repairs` (`name`,`tel`,`address`,`question`,`status`,`id`,`time`,`sn`) VALUES ('','','','',0,0,1502417819,'2017081110000') [ RunTime:0.086005s ]

[ 2017-08-11T10:17:03+08:00 ] ::1 /onethink/index.php?s=/Admin/Repair/index.html
SQL: SHOW COLUMNS FROM `onethink_menu` [ RunTime:0.015001s ]
SQL: SELECT * FROM `onethink_menu` WHERE ( `pid` = 0 ) AND ( `hide` = 0 ) ORDER BY sort asc  [ RunTime:0.000000s ]
SQL: SELECT `id` FROM `onethink_menu` WHERE ( url like '%Repair/index%' ) LIMIT 1   [ RunTime:0.000000s ]
SQL: SHOW COLUMNS FROM `onethink_menu` [ RunTime:0.016001s ]
SQL: SELECT `id`,`pid`,`title` FROM `onethink_menu` WHERE ( id=122 ) LIMIT 1   [ RunTime:0.001000s ]
SQL: SELECT DISTINCT  `group` FROM `onethink_menu` WHERE ( pid = 122 )  [ RunTime:0.002000s ]
SQL: SELECT `id`,`url` FROM `onethink_menu` WHERE ( `pid` = 122 ) AND ( `hide` = 0 )  [ RunTime:0.001000s ]
SQL: SELECT `id`,`pid`,`title`,`url`,`tip` FROM `onethink_menu` WHERE ( `group` = '物业' ) AND ( `pid` = 122 ) AND ( `hide` = 0 ) ORDER BY sort asc  [ RunTime:0.001000s ]
SQL: SELECT `id`,`pid`,`title`,`url`,`tip` FROM `onethink_menu` WHERE ( `group` = '' ) AND ( `pid` = 122 ) AND ( `hide` = 0 ) ORDER BY sort asc  [ RunTime:0.001000s ]
SQL: SHOW COLUMNS FROM `onethink_repairs` [ RunTime:0.015001s ]
SQL: SELECT * FROM `onethink_repairs` WHERE ( `status` > -1 )  [ RunTime:0.001000s ]
INFO: [ view_parse ] --START--
INFO: [ template_filter ] --START--
INFO: Run Behavior\ContentReplace [ RunTime:0.000000s ]
INFO: [ template_filter ] --END-- [ RunTime:0.000000s ]
NOTIC: [8] Undefined variable: vo D:\phpStudy\WWW\Onethink\Runtime\Cache\Admin\bebbb551f58430e1d7154d620e287755.php 第 125 行.
NOTIC: [8] Undefined variable: vo D:\phpStudy\WWW\Onethink\Runtime\Cache\Admin\bebbb551f58430e1d7154d620e287755.php 第 125 行.
NOTIC: [8] Undefined variable: vo D:\phpStudy\WWW\Onethink\Runtime\Cache\Admin\bebbb551f58430e1d7154d620e287755.php 第 125 行.
NOTIC: [8] Undefined variable: vo D:\phpStudy\WWW\Onethink\Runtime\Cache\Admin\bebbb551f58430e1d7154d620e287755.php 第 125 行.
NOTIC: [8] Undefined variable: vo D:\phpStudy\WWW\Onethink\Runtime\Cache\Admin\bebbb551f58430e1d7154d620e287755.php 第 125 行.
INFO: Run Behavior\ParseTemplate [ RunTime:0.030002s ]
INFO: [ view_parse ] --END-- [ RunTime:0.030002s ]
INFO: [ view_filter ] --START--
INFO: Run Behavior\WriteHtmlCache [ RunTime:0.000000s ]
INFO: [ view_filter ] --END-- [ RunTime:0.000000s ]
INFO: [ app_end ] --START--
INFO: Run Behavior\ShowPageTrace [ RunTime:0.001000s ]
INFO: [ app_end ] --END-- [ RunTime:0.002000s ]

[ 2017-08-11T10:17:08+08:00 ] ::1 /onethink/index.php?s=/Admin/Repair/del/id/10.html
INFO: [ app_begin ] --START--
INFO: Run Behavior\ReadHtmlCache [ RunTime:0.001000s ]
INFO: [ app_begin ] --END-- [ RunTime:0.001000s ]
SQL: SHOW COLUMNS FROM `onethink_menu` [ RunTime:0.017000s ]
SQL: SELECT * FROM `onethink_menu` WHERE ( `pid` = 0 ) AND ( `hide` = 0 ) ORDER BY sort asc  [ RunTime:0.001001s ]
SQL: SELECT `id` FROM `onethink_menu` WHERE ( url like '%Repair/del%' ) LIMIT 1   [ RunTime:0.001000s ]
SQL: SHOW COLUMNS FROM `onethink_repairs` [ RunTime:0.015000s ]
SQL: DELETE FROM `onethink_repairs` WHERE ( `id` IN ('10') ) [ RunTime:0.052002s ]
SQL: SHOW COLUMNS FROM `onethink_action` [ RunTime:0.016001s ]
SQL: SELECT * FROM `onethink_action` WHERE ( `name` = 'update_repair' ) LIMIT 1   [ RunTime:0.001000s ]

[ 2017-08-11T10:17:10+08:00 ] ::1 /onethink/index.php?s=/Admin/Repair/index.html
SQL: SHOW COLUMNS FROM `onethink_menu` [ RunTime:0.015001s ]
SQL: SELECT * FROM `onethink_menu` WHERE ( `pid` = 0 ) AND ( `hide` = 0 ) ORDER BY sort asc  [ RunTime:0.001000s ]
SQL: SELECT `id` FROM `onethink_menu` WHERE ( url like '%Repair/index%' ) LIMIT 1   [ RunTime:0.001000s ]
SQL: SHOW COLUMNS FROM `onethink_menu` [ RunTime:0.016001s ]
SQL: SELECT `id`,`pid`,`title` FROM `onethink_menu` WHERE ( id=122 ) LIMIT 1   [ RunTime:0.001000s ]
SQL: SELECT DISTINCT  `group` FROM `onethink_menu` WHERE ( pid = 122 )  [ RunTime:0.002000s ]
SQL: SELECT `id`,`url` FROM `onethink_menu` WHERE ( `pid` = 122 ) AND ( `hide` = 0 )  [ RunTime:0.001000s ]
SQL: SELECT `id`,`pid`,`title`,`url`,`tip` FROM `onethink_menu` WHERE ( `group` = '物业' ) AND ( `pid` = 122 ) AND ( `hide` = 0 ) ORDER BY sort asc  [ RunTime:0.001000s ]
SQL: SELECT `id`,`pid`,`title`,`url`,`tip` FROM `onethink_menu` WHERE ( `group` = '' ) AND ( `pid` = 122 ) AND ( `hide` = 0 ) ORDER BY sort asc  [ RunTime:0.001000s ]
SQL: SHOW COLUMNS FROM `onethink_repairs` [ RunTime:0.015001s ]
SQL: SELECT * FROM `onethink_repairs` WHERE ( `status` > -1 )  [ RunTime:0.000000s ]
INFO: [ view_parse ] --START--
INFO: [ template_filter ] --START--
INFO: Run Behavior\ContentReplace [ RunTime:0.000000s ]
INFO: [ template_filter ] --END-- [ RunTime:0.000000s ]
NOTIC: [8] Undefined variable: vo D:\phpStudy\WWW\Onethink\Runtime\Cache\Admin\bebbb551f58430e1d7154d620e287755.php 第 125 行.
NOTIC: [8] Undefined variable: vo D:\phpStudy\WWW\Onethink\Runtime\Cache\Admin\bebbb551f58430e1d7154d620e287755.php 第 125 行.
NOTIC: [8] Undefined variable: vo D:\phpStudy\WWW\Onethink\Runtime\Cache\Admin\bebbb551f58430e1d7154d620e287755.php 第 125 行.
NOTIC: [8] Undefined variable: vo D:\phpStudy\WWW\Onethink\Runtime\Cache\Admin\bebbb551f58430e1d7154d620e287755.php 第 125 行.
INFO: Run Behavior\ParseTemplate [ RunTime:0.031002s ]
INFO: [ view_parse ] --END-- [ RunTime:0.031002s ]
INFO: [ view_filter ] --START--
INFO: Run Behavior\WriteHtmlCache [ RunTime:0.000000s ]
INFO: [ view_filter ] --END-- [ RunTime:0.000000s ]
INFO: [ app_end ] --START--
INFO: Run Behavior\ShowPageTrace [ RunTime:0.000000s ]
INFO: [ app_end ] --END-- [ RunTime:0.001000s ]

[ 2017-08-11T10:17:59+08:00 ] ::1 /onethink/index.php?s=/Admin/Repair/add/pid/0.html
SQL: SHOW COLUMNS FROM `onethink_menu` [ RunTime:0.015001s ]
SQL: SELECT * FROM `onethink_menu` WHERE ( `pid` = 0 ) AND ( `hide` = 0 ) ORDER BY sort asc  [ RunTime:0.001000s ]
SQL: SELECT `id` FROM `onethink_menu` WHERE ( url like '%Repair/add%' ) LIMIT 1   [ RunTime:0.001000s ]
SQL: SHOW COLUMNS FROM `onethink_menu` [ RunTime:0.016001s ]
SQL: SELECT `id`,`pid`,`title` FROM `onethink_menu` WHERE ( id=124 ) LIMIT 1   [ RunTime:0.000000s ]
SQL: SELECT `id`,`pid`,`title` FROM `onethink_menu` WHERE ( id=122 ) LIMIT 1   [ RunTime:0.000000s ]
SQL: SELECT DISTINCT  `group` FROM `onethink_menu` WHERE ( pid = 122 )  [ RunTime:0.001000s ]
SQL: SELECT `id`,`url` FROM `onethink_menu` WHERE ( `pid` = 122 ) AND ( `hide` = 0 )  [ RunTime:0.000000s ]
SQL: SELECT `id`,`pid`,`title`,`url`,`tip` FROM `onethink_menu` WHERE ( `group` = '物业' ) AND ( `pid` = 122 ) AND ( `hide` = 0 ) ORDER BY sort asc  [ RunTime:0.001000s ]
SQL: SELECT `id`,`pid`,`title`,`url`,`tip` FROM `onethink_menu` WHERE ( `group` = '' ) AND ( `pid` = 122 ) AND ( `hide` = 0 ) ORDER BY sort asc  [ RunTime:0.001000s ]
INFO: [ view_parse ] --START--
INFO: [ template_filter ] --START--
INFO: Run Behavior\ContentReplace [ RunTime:0.001000s ]
INFO: [ template_filter ] --END-- [ RunTime:0.001000s ]
INFO: Run Behavior\ParseTemplate [ RunTime:0.029001s ]
INFO: [ view_parse ] --END-- [ RunTime:0.029001s ]
INFO: [ view_filter ] --START--
INFO: Run Behavior\WriteHtmlCache [ RunTime:0.001000s ]
INFO: [ view_filter ] --END-- [ RunTime:0.001000s ]
INFO: [ app_end ] --START--
INFO: Run Behavior\ShowPageTrace [ RunTime:0.002001s ]
INFO: [ app_end ] --END-- [ RunTime:0.002001s ]

[ 2017-08-11T10:18:00+08:00 ] ::1 /onethink/index.php?s=/Admin/Repair/add.html
INFO: [ app_begin ] --START--
INFO: Run Behavior\ReadHtmlCache [ RunTime:0.001000s ]
INFO: [ app_begin ] --END-- [ RunTime:0.002000s ]
SQL: SHOW COLUMNS FROM `onethink_menu` [ RunTime:0.015001s ]
SQL: SELECT * FROM `onethink_menu` WHERE ( `pid` = 0 ) AND ( `hide` = 0 ) ORDER BY sort asc  [ RunTime:0.001000s ]
SQL: SELECT `id` FROM `onethink_menu` WHERE ( url like '%Repair/add%' ) LIMIT 1   [ RunTime:0.001000s ]
SQL: SHOW COLUMNS FROM `onethink_menu` [ RunTime:0.017001s ]
SQL: SELECT `id`,`pid`,`title` FROM `onethink_menu` WHERE ( id=124 ) LIMIT 1   [ RunTime:0.001000s ]
SQL: SELECT `id`,`pid`,`title` FROM `onethink_menu` WHERE ( id=122 ) LIMIT 1   [ RunTime:0.000000s ]
SQL: SELECT DISTINCT  `group` FROM `onethink_menu` WHERE ( pid = 122 )  [ RunTime:0.001000s ]
SQL: SELECT `id`,`url` FROM `onethink_menu` WHERE ( `pid` = 122 ) AND ( `hide` = 0 )  [ RunTime:0.001000s ]
SQL: SELECT `id`,`pid`,`title`,`url`,`tip` FROM `onethink_menu` WHERE ( `group` = '物业' ) AND ( `pid` = 122 ) AND ( `hide` = 0 ) ORDER BY sort asc  [ RunTime:0.001000s ]
SQL: SELECT `id`,`pid`,`title`,`url`,`tip` FROM `onethink_menu` WHERE ( `group` = '' ) AND ( `pid` = 122 ) AND ( `hide` = 0 ) ORDER BY sort asc  [ RunTime:0.001000s ]
SQL: SHOW COLUMNS FROM `onethink_repairs` [ RunTime:0.015001s ]

[ 2017-08-11T10:20:16+08:00 ] ::1 /onethink/index.php?s=/Admin/Repair/add/pid/0.html
SQL: SHOW COLUMNS FROM `onethink_menu` [ RunTime:0.018001s ]
SQL: SELECT * FROM `onethink_menu` WHERE ( `pid` = 0 ) AND ( `hide` = 0 ) ORDER BY sort asc  [ RunTime:0.001000s ]
SQL: SELECT `id` FROM `onethink_menu` WHERE ( url like '%Repair/add%' ) LIMIT 1   [ RunTime:0.001000s ]
SQL: SHOW COLUMNS FROM `onethink_menu` [ RunTime:0.017001s ]
SQL: SELECT `id`,`pid`,`title` FROM `onethink_menu` WHERE ( id=124 ) LIMIT 1   [ RunTime:0.000000s ]
SQL: SELECT `id`,`pid`,`title` FROM `onethink_menu` WHERE ( id=122 ) LIMIT 1   [ RunTime:0.000000s ]
SQL: SELECT DISTINCT  `group` FROM `onethink_menu` WHERE ( pid = 122 )  [ RunTime:0.001000s ]
SQL: SELECT `id`,`url` FROM `onethink_menu` WHERE ( `pid` = 122 ) AND ( `hide` = 0 )  [ RunTime:0.001000s ]
SQL: SELECT `id`,`pid`,`title`,`url`,`tip` FROM `onethink_menu` WHERE ( `group` = '物业' ) AND ( `pid` = 122 ) AND ( `hide` = 0 ) ORDER BY sort asc  [ RunTime:0.001000s ]
SQL: SELECT `id`,`pid`,`title`,`url`,`tip` FROM `onethink_menu` WHERE ( `group` = '' ) AND ( `pid` = 122 ) AND ( `hide` = 0 ) ORDER BY sort asc  [ RunTime:0.001000s ]
INFO: [ view_parse ] --START--
INFO: [ template_filter ] --START--
INFO: Run Behavior\ContentReplace [ RunTime:0.001000s ]
INFO: [ template_filter ] --END-- [ RunTime:0.001000s ]
INFO: Run Behavior\ParseTemplate [ RunTime:0.050003s ]
INFO: [ view_parse ] --END-- [ RunTime:0.050003s ]
INFO: [ view_filter ] --START--
INFO: Run Behavior\WriteHtmlCache [ RunTime:0.001000s ]
INFO: [ view_filter ] --END-- [ RunTime:0.001000s ]
INFO: [ app_end ] --START--
INFO: Run Behavior\ShowPageTrace [ RunTime:0.001000s ]
INFO: [ app_end ] --END-- [ RunTime:0.001000s ]

[ 2017-08-11T10:20:18+08:00 ] ::1 /onethink/index.php?s=/Admin/Repair/add/pid/0.html
SQL: SHOW COLUMNS FROM `onethink_menu` [ RunTime:0.015001s ]
SQL: SELECT * FROM `onethink_menu` WHERE ( `pid` = 0 ) AND ( `hide` = 0 ) ORDER BY sort asc  [ RunTime:0.002000s ]
SQL: SELECT `id` FROM `onethink_menu` WHERE ( url like '%Repair/add%' ) LIMIT 1   [ RunTime:0.001000s ]
SQL: SHOW COLUMNS FROM `onethink_menu` [ RunTime:0.017001s ]
SQL: SELECT `id`,`pid`,`title` FROM `onethink_menu` WHERE ( id=124 ) LIMIT 1   [ RunTime:0.000000s ]
SQL: SELECT `id`,`pid`,`title` FROM `onethink_menu` WHERE ( id=122 ) LIMIT 1   [ RunTime:0.001000s ]
SQL: SELECT DISTINCT  `group` FROM `onethink_menu` WHERE ( pid = 122 )  [ RunTime:0.002000s ]
SQL: SELECT `id`,`url` FROM `onethink_menu` WHERE ( `pid` = 122 ) AND ( `hide` = 0 )  [ RunTime:0.000000s ]
SQL: SELECT `id`,`pid`,`title`,`url`,`tip` FROM `onethink_menu` WHERE ( `group` = '物业' ) AND ( `pid` = 122 ) AND ( `hide` = 0 ) ORDER BY sort asc  [ RunTime:0.000000s ]
SQL: SELECT `id`,`pid`,`title`,`url`,`tip` FROM `onethink_menu` WHERE ( `group` = '' ) AND ( `pid` = 122 ) AND ( `hide` = 0 ) ORDER BY sort asc  [ RunTime:0.000000s ]
INFO: [ view_parse ] --START--
INFO: [ template_filter ] --START--
INFO: Run Behavior\ContentReplace [ RunTime:0.000000s ]
INFO: [ template_filter ] --END-- [ RunTime:0.000000s ]
INFO: Run Behavior\ParseTemplate [ RunTime:0.029001s ]
INFO: [ view_parse ] --END-- [ RunTime:0.029001s ]
INFO: [ view_filter ] --START--
INFO: Run Behavior\WriteHtmlCache [ RunTime:0.000000s ]
INFO: [ view_filter ] --END-- [ RunTime:0.000000s ]
INFO: [ app_end ] --START--
INFO: Run Behavior\ShowPageTrace [ RunTime:0.001000s ]
INFO: [ app_end ] --END-- [ RunTime:0.001000s ]

[ 2017-08-11T10:21:11+08:00 ] ::1 /onethink/index.php?s=/Admin/Repair/add.html
INFO: [ app_begin ] --START--
INFO: Run Behavior\ReadHtmlCache [ RunTime:0.001000s ]
INFO: [ app_begin ] --END-- [ RunTime:0.002000s ]
SQL: SHOW COLUMNS FROM `onethink_menu` [ RunTime:0.014001s ]
SQL: SELECT * FROM `onethink_menu` WHERE ( `pid` = 0 ) AND ( `hide` = 0 ) ORDER BY sort asc  [ RunTime:0.001000s ]
SQL: SELECT `id` FROM `onethink_menu` WHERE ( url like '%Repair/add%' ) LIMIT 1   [ RunTime:0.001000s ]
SQL: SHOW COLUMNS FROM `onethink_menu` [ RunTime:0.014001s ]
SQL: SELECT `id`,`pid`,`title` FROM `onethink_menu` WHERE ( id=124 ) LIMIT 1   [ RunTime:0.001000s ]
SQL: SELECT `id`,`pid`,`title` FROM `onethink_menu` WHERE ( id=122 ) LIMIT 1   [ RunTime:0.000000s ]
SQL: SELECT DISTINCT  `group` FROM `onethink_menu` WHERE ( pid = 122 )  [ RunTime:0.001000s ]
SQL: SELECT `id`,`url` FROM `onethink_menu` WHERE ( `pid` = 122 ) AND ( `hide` = 0 )  [ RunTime:0.001000s ]
SQL: SELECT `id`,`pid`,`title`,`url`,`tip` FROM `onethink_menu` WHERE ( `group` = '物业' ) AND ( `pid` = 122 ) AND ( `hide` = 0 ) ORDER BY sort asc  [ RunTime:0.001000s ]
SQL: SELECT `id`,`pid`,`title`,`url`,`tip` FROM `onethink_menu` WHERE ( `group` = '' ) AND ( `pid` = 122 ) AND ( `hide` = 0 ) ORDER BY sort asc  [ RunTime:0.001000s ]
SQL: SHOW COLUMNS FROM `onethink_repairs` [ RunTime:0.013001s ]
SQL: INSERT INTO `onethink_repairs` (`name`,`tel`,`address`,`question`,`status`,`id`,`sn`,`time`) VALUES ('赵世金','15245632578','成都市九眼桥第九个桥洞','瞬间爆炸',1,0,'php1502418071',1502418071) [ RunTime:0.054003s ]

[ 2017-08-11T10:21:12+08:00 ] ::1 /onethink/index.php?s=/Admin/Repair/index.html
SQL: SHOW COLUMNS FROM `onethink_menu` [ RunTime:0.018001s ]
SQL: SELECT * FROM `onethink_menu` WHERE ( `pid` = 0 ) AND ( `hide` = 0 ) ORDER BY sort asc  [ RunTime:0.001000s ]
SQL: SELECT `id` FROM `onethink_menu` WHERE ( url like '%Repair/index%' ) LIMIT 1   [ RunTime:0.001000s ]
SQL: SHOW COLUMNS FROM `onethink_menu` [ RunTime:0.016001s ]
SQL: SELECT `id`,`pid`,`title` FROM `onethink_menu` WHERE ( id=122 ) LIMIT 1   [ RunTime:0.000000s ]
SQL: SELECT DISTINCT  `group` FROM `onethink_menu` WHERE ( pid = 122 )  [ RunTime:0.002000s ]
SQL: SELECT `id`,`url` FROM `onethink_menu` WHERE ( `pid` = 122 ) AND ( `hide` = 0 )  [ RunTime:0.001000s ]
SQL: SELECT `id`,`pid`,`title`,`url`,`tip` FROM `onethink_menu` WHERE ( `group` = '物业' ) AND ( `pid` = 122 ) AND ( `hide` = 0 ) ORDER BY sort asc  [ RunTime:0.001000s ]
SQL: SELECT `id`,`pid`,`title`,`url`,`tip` FROM `onethink_menu` WHERE ( `group` = '' ) AND ( `pid` = 122 ) AND ( `hide` = 0 ) ORDER BY sort asc  [ RunTime:0.001000s ]
SQL: SHOW COLUMNS FROM `onethink_repairs` [ RunTime:0.015001s ]
SQL: SELECT * FROM `onethink_repairs` WHERE ( `status` > -1 )  [ RunTime:0.001000s ]
INFO: [ view_parse ] --START--
INFO: [ template_filter ] --START--
INFO: Run Behavior\ContentReplace [ RunTime:0.001001s ]
INFO: [ template_filter ] --END-- [ RunTime:0.001001s ]
NOTIC: [8] Undefined variable: vo D:\phpStudy\WWW\Onethink\Runtime\Cache\Admin\bebbb551f58430e1d7154d620e287755.php 第 125 行.
NOTIC: [8] Undefined variable: vo D:\phpStudy\WWW\Onethink\Runtime\Cache\Admin\bebbb551f58430e1d7154d620e287755.php 第 125 行.
NOTIC: [8] Undefined variable: vo D:\phpStudy\WWW\Onethink\Runtime\Cache\Admin\bebbb551f58430e1d7154d620e287755.php 第 125 行.
NOTIC: [8] Undefined variable: vo D:\phpStudy\WWW\Onethink\Runtime\Cache\Admin\bebbb551f58430e1d7154d620e287755.php 第 125 行.
NOTIC: [8] Undefined variable: vo D:\phpStudy\WWW\Onethink\Runtime\Cache\Admin\bebbb551f58430e1d7154d620e287755.php 第 125 行.
INFO: Run Behavior\ParseTemplate [ RunTime:0.030002s ]
INFO: [ view_parse ] --END-- [ RunTime:0.030002s ]
INFO: [ view_filter ] --START--
INFO: Run Behavior\WriteHtmlCache [ RunTime:0.001000s ]
INFO: [ view_filter ] --END-- [ RunTime:0.001000s ]
INFO: [ app_end ] --START--
INFO: Run Behavior\ShowPageTrace [ RunTime:0.001000s ]
INFO: [ app_end ] --END-- [ RunTime:0.001000s ]

[ 2017-08-11T10:24:22+08:00 ] ::1 /onethink/index.php?s=/Admin/Repair/index.html
SQL: SHOW COLUMNS FROM `onethink_menu` [ RunTime:0.016001s ]
SQL: SELECT * FROM `onethink_menu` WHERE ( `pid` = 0 ) AND ( `hide` = 0 ) ORDER BY sort asc  [ RunTime:0.001000s ]
SQL: SELECT `id` FROM `onethink_menu` WHERE ( url like '%Repair/index%' ) LIMIT 1   [ RunTime:0.000000s ]
SQL: SHOW COLUMNS FROM `onethink_menu` [ RunTime:0.015001s ]
SQL: SELECT `id`,`pid`,`title` FROM `onethink_menu` WHERE ( id=122 ) LIMIT 1   [ RunTime:0.001000s ]
SQL: SELECT DISTINCT  `group` FROM `onethink_menu` WHERE ( pid = 122 )  [ RunTime:0.002000s ]
SQL: SELECT `id`,`url` FROM `onethink_menu` WHERE ( `pid` = 122 ) AND ( `hide` = 0 )  [ RunTime:0.000000s ]
SQL: SELECT `id`,`pid`,`title`,`url`,`tip` FROM `onethink_menu` WHERE ( `group` = '物业' ) AND ( `pid` = 122 ) AND ( `hide` = 0 ) ORDER BY sort asc  [ RunTime:0.000000s ]
SQL: SELECT `id`,`pid`,`title`,`url`,`tip` FROM `onethink_menu` WHERE ( `group` = '' ) AND ( `pid` = 122 ) AND ( `hide` = 0 ) ORDER BY sort asc  [ RunTime:0.000000s ]
SQL: SHOW COLUMNS FROM `onethink_repairs` [ RunTime:0.015001s ]
SQL: SELECT * FROM `onethink_repairs` WHERE ( `status` > -1 )  [ RunTime:0.001000s ]
INFO: [ view_parse ] --START--
INFO: [ template_filter ] --START--
INFO: Run Behavior\ContentReplace [ RunTime:0.001000s ]
INFO: [ template_filter ] --END-- [ RunTime:0.001000s ]
NOTIC: [8] Undefined variable: vo D:\phpStudy\WWW\Onethink\Runtime\Cache\Admin\bebbb551f58430e1d7154d620e287755.php 第 125 行.
NOTIC: [8] Undefined variable: vo D:\phpStudy\WWW\Onethink\Runtime\Cache\Admin\bebbb551f58430e1d7154d620e287755.php 第 125 行.
NOTIC: [8] Undefined variable: vo D:\phpStudy\WWW\Onethink\Runtime\Cache\Admin\bebbb551f58430e1d7154d620e287755.php 第 125 行.
NOTIC: [8] Undefined variable: vo D:\phpStudy\WWW\Onethink\Runtime\Cache\Admin\bebbb551f58430e1d7154d620e287755.php 第 125 行.
NOTIC: [8] Undefined variable: vo D:\phpStudy\WWW\Onethink\Runtime\Cache\Admin\bebbb551f58430e1d7154d620e287755.php 第 125 行.
INFO: Run Behavior\ParseTemplate [ RunTime:0.033002s ]
INFO: [ view_parse ] --END-- [ RunTime:0.033002s ]
INFO: [ view_filter ] --START--
INFO: Run Behavior\WriteHtmlCache [ RunTime:0.001000s ]
INFO: [ view_filter ] --END-- [ RunTime:0.001000s ]
INFO: [ app_end ] --START--
INFO: Run Behavior\ShowPageTrace [ RunTime:0.001000s ]
INFO: [ app_end ] --END-- [ RunTime:0.001000s ]

[ 2017-08-11T10:27:38+08:00 ] ::1 /onethink/index.php?s=/Admin/Repair/add/pid/0.html
SQL: SHOW COLUMNS FROM `onethink_menu` [ RunTime:0.015001s ]
SQL: SELECT * FROM `onethink_menu` WHERE ( `pid` = 0 ) AND ( `hide` = 0 ) ORDER BY sort asc  [ RunTime:0.001000s ]
SQL: SELECT `id` FROM `onethink_menu` WHERE ( url like '%Repair/add%' ) LIMIT 1   [ RunTime:0.000000s ]
SQL: SHOW COLUMNS FROM `onethink_menu` [ RunTime:0.015001s ]
SQL: SELECT `id`,`pid`,`title` FROM `onethink_menu` WHERE ( id=124 ) LIMIT 1   [ RunTime:0.001000s ]
SQL: SELECT `id`,`pid`,`title` FROM `onethink_menu` WHERE ( id=122 ) LIMIT 1   [ RunTime:0.000000s ]
SQL: SELECT DISTINCT  `group` FROM `onethink_menu` WHERE ( pid = 122 )  [ RunTime:0.001000s ]
SQL: SELECT `id`,`url` FROM `onethink_menu` WHERE ( `pid` = 122 ) AND ( `hide` = 0 )  [ RunTime:0.000000s ]
SQL: SELECT `id`,`pid`,`title`,`url`,`tip` FROM `onethink_menu` WHERE ( `group` = '物业' ) AND ( `pid` = 122 ) AND ( `hide` = 0 ) ORDER BY sort asc  [ RunTime:0.000000s ]
SQL: SELECT `id`,`pid`,`title`,`url`,`tip` FROM `onethink_menu` WHERE ( `group` = '' ) AND ( `pid` = 122 ) AND ( `hide` = 0 ) ORDER BY sort asc  [ RunTime:0.001000s ]
INFO: [ view_parse ] --START--
INFO: [ template_filter ] --START--
INFO: Run Behavior\ContentReplace [ RunTime:0.001000s ]
INFO: [ template_filter ] --END-- [ RunTime:0.001000s ]
INFO: Run Behavior\ParseTemplate [ RunTime:0.053003s ]
INFO: [ view_parse ] --END-- [ RunTime:0.053003s ]
INFO: [ view_filter ] --START--
INFO: Run Behavior\WriteHtmlCache [ RunTime:0.001000s ]
INFO: [ view_filter ] --END-- [ RunTime:0.001000s ]
INFO: [ app_end ] --START--
INFO: Run Behavior\ShowPageTrace [ RunTime:0.001000s ]
INFO: [ app_end ] --END-- [ RunTime:0.001000s ]

[ 2017-08-11T10:28:21+08:00 ] ::1 /onethink/index.php?s=/Admin/Repair/add/pid/0.html
SQL: SHOW COLUMNS FROM `onethink_menu` [ RunTime:0.015001s ]
SQL: SELECT * FROM `onethink_menu` WHERE ( `pid` = 0 ) AND ( `hide` = 0 ) ORDER BY sort asc  [ RunTime:0.001000s ]
SQL: SELECT `id` FROM `onethink_menu` WHERE ( url like '%Repair/add%' ) LIMIT 1   [ RunTime:0.000000s ]
SQL: SHOW COLUMNS FROM `onethink_menu` [ RunTime:0.015001s ]
SQL: SELECT `id`,`pid`,`title` FROM `onethink_menu` WHERE ( id=124 ) LIMIT 1   [ RunTime:0.000000s ]
SQL: SELECT `id`,`pid`,`title` FROM `onethink_menu` WHERE ( id=122 ) LIMIT 1   [ RunTime:0.000000s ]
SQL: SELECT DISTINCT  `group` FROM `onethink_menu` WHERE ( pid = 122 )  [ RunTime:0.002000s ]
SQL: SELECT `id`,`url` FROM `onethink_menu` WHERE ( `pid` = 122 ) AND ( `hide` = 0 )  [ RunTime:0.000000s ]
SQL: SELECT `id`,`pid`,`title`,`url`,`tip` FROM `onethink_menu` WHERE ( `group` = '物业' ) AND ( `pid` = 122 ) AND ( `hide` = 0 ) ORDER BY sort asc  [ RunTime:0.000000s ]
SQL: SELECT `id`,`pid`,`title`,`url`,`tip` FROM `onethink_menu` WHERE ( `group` = '' ) AND ( `pid` = 122 ) AND ( `hide` = 0 ) ORDER BY sort asc  [ RunTime:0.000000s ]
INFO: [ view_parse ] --START--
INFO: [ template_filter ] --START--
INFO: Run Behavior\ContentReplace [ RunTime:0.000000s ]
INFO: [ template_filter ] --END-- [ RunTime:0.000000s ]
INFO: Run Behavior\ParseTemplate [ RunTime:0.029001s ]
INFO: [ view_parse ] --END-- [ RunTime:0.029001s ]
INFO: [ view_filter ] --START--
INFO: Run Behavior\WriteHtmlCache [ RunTime:0.001000s ]
INFO: [ view_filter ] --END-- [ RunTime:0.001000s ]
INFO: [ app_end ] --START--
INFO: Run Behavior\ShowPageTrace [ RunTime:0.001000s ]
INFO: [ app_end ] --END-- [ RunTime:0.001000s ]

[ 2017-08-11T10:28:22+08:00 ] ::1 /onethink/index.php?s=/Admin/Repair/add/pid/0.html
SQL: SHOW COLUMNS FROM `onethink_menu` [ RunTime:0.016000s ]
SQL: SELECT * FROM `onethink_menu` WHERE ( `pid` = 0 ) AND ( `hide` = 0 ) ORDER BY sort asc  [ RunTime:0.001000s ]
SQL: SELECT `id` FROM `onethink_menu` WHERE ( url like '%Repair/add%' ) LIMIT 1   [ RunTime:0.001000s ]
SQL: SHOW COLUMNS FROM `onethink_menu` [ RunTime:0.015001s ]
SQL: SELECT `id`,`pid`,`title` FROM `onethink_menu` WHERE ( id=124 ) LIMIT 1   [ RunTime:0.000000s ]
SQL: SELECT `id`,`pid`,`title` FROM `onethink_menu` WHERE ( id=122 ) LIMIT 1   [ RunTime:0.001000s ]
SQL: SELECT DISTINCT  `group` FROM `onethink_menu` WHERE ( pid = 122 )  [ RunTime:0.001000s ]
SQL: SELECT `id`,`url` FROM `onethink_menu` WHERE ( `pid` = 122 ) AND ( `hide` = 0 )  [ RunTime:0.001000s ]
SQL: SELECT `id`,`pid`,`title`,`url`,`tip` FROM `onethink_menu` WHERE ( `group` = '物业' ) AND ( `pid` = 122 ) AND ( `hide` = 0 ) ORDER BY sort asc  [ RunTime:0.001000s ]
SQL: SELECT `id`,`pid`,`title`,`url`,`tip` FROM `onethink_menu` WHERE ( `group` = '' ) AND ( `pid` = 122 ) AND ( `hide` = 0 ) ORDER BY sort asc  [ RunTime:0.001000s ]
INFO: [ view_parse ] --START--
INFO: [ template_filter ] --START--
INFO: Run Behavior\ContentReplace [ RunTime:0.000000s ]
INFO: [ template_filter ] --END-- [ RunTime:0.000000s ]
INFO: Run Behavior\ParseTemplate [ RunTime:0.029002s ]
INFO: [ view_parse ] --END-- [ RunTime:0.029002s ]
INFO: [ view_filter ] --START--
INFO: Run Behavior\WriteHtmlCache [ RunTime:0.001000s ]
INFO: [ view_filter ] --END-- [ RunTime:0.001000s ]
INFO: [ app_end ] --START--
INFO: Run Behavior\ShowPageTrace [ RunTime:0.001000s ]
INFO: [ app_end ] --END-- [ RunTime:0.001000s ]

[ 2017-08-11T10:30:24+08:00 ] ::1 /onethink/index.php?s=/Admin/Repair/add/pid/0.html
SQL: SHOW COLUMNS FROM `onethink_menu` [ RunTime:0.016001s ]
SQL: SELECT * FROM `onethink_menu` WHERE ( `pid` = 0 ) AND ( `hide` = 0 ) ORDER BY sort asc  [ RunTime:0.001000s ]
SQL: SELECT `id` FROM `onethink_menu` WHERE ( url like '%Repair/add%' ) LIMIT 1   [ RunTime:0.001000s ]
SQL: SHOW COLUMNS FROM `onethink_menu` [ RunTime:0.015001s ]
SQL: SELECT `id`,`pid`,`title` FROM `onethink_menu` WHERE ( id=124 ) LIMIT 1   [ RunTime:0.000000s ]
SQL: SELECT `id`,`pid`,`title` FROM `onethink_menu` WHERE ( id=122 ) LIMIT 1   [ RunTime:0.000000s ]
SQL: SELECT DISTINCT  `group` FROM `onethink_menu` WHERE ( pid = 122 )  [ RunTime:0.001000s ]
SQL: SELECT `id`,`url` FROM `onethink_menu` WHERE ( `pid` = 122 ) AND ( `hide` = 0 )  [ RunTime:0.000000s ]
SQL: SELECT `id`,`pid`,`title`,`url`,`tip` FROM `onethink_menu` WHERE ( `group` = '物业' ) AND ( `pid` = 122 ) AND ( `hide` = 0 ) ORDER BY sort asc  [ RunTime:0.000000s ]
SQL: SELECT `id`,`pid`,`title`,`url`,`tip` FROM `onethink_menu` WHERE ( `group` = '' ) AND ( `pid` = 122 ) AND ( `hide` = 0 ) ORDER BY sort asc  [ RunTime:0.000000s ]
INFO: [ view_parse ] --START--
INFO: [ template_filter ] --START--
INFO: Run Behavior\ContentReplace [ RunTime:0.001000s ]
INFO: [ template_filter ] --END-- [ RunTime:0.001000s ]
INFO: Run Behavior\ParseTemplate [ RunTime:0.029001s ]
INFO: [ view_parse ] --END-- [ RunTime:0.030001s ]
INFO: [ view_filter ] --START--
INFO: Run Behavior\WriteHtmlCache [ RunTime:0.000000s ]
INFO: [ view_filter ] --END-- [ RunTime:0.000000s ]
INFO: [ app_end ] --START--
INFO: Run Behavior\ShowPageTrace [ RunTime:0.001000s ]
INFO: [ app_end ] --END-- [ RunTime:0.001000s ]

[ 2017-08-11T10:30:43+08:00 ] ::1 /onethink/index.php?s=/Admin/Repair/add/pid/0.html
SQL: SHOW COLUMNS FROM `onethink_menu` [ RunTime:0.015001s ]
SQL: SELECT * FROM `onethink_menu` WHERE ( `pid` = 0 ) AND ( `hide` = 0 ) ORDER BY sort asc  [ RunTime:0.001000s ]
SQL: SELECT `id` FROM `onethink_menu` WHERE ( url like '%Repair/add%' ) LIMIT 1   [ RunTime:0.001000s ]
SQL: SHOW COLUMNS FROM `onethink_menu` [ RunTime:0.015001s ]
SQL: SELECT `id`,`pid`,`title` FROM `onethink_menu` WHERE ( id=124 ) LIMIT 1   [ RunTime:0.001000s ]
SQL: SELECT `id`,`pid`,`title` FROM `onethink_menu` WHERE ( id=122 ) LIMIT 1   [ RunTime:0.000000s ]
SQL: SELECT DISTINCT  `group` FROM `onethink_menu` WHERE ( pid = 122 )  [ RunTime:0.001000s ]
SQL: SELECT `id`,`url` FROM `onethink_menu` WHERE ( `pid` = 122 ) AND ( `hide` = 0 )  [ RunTime:0.001000s ]
SQL: SELECT `id`,`pid`,`title`,`url`,`tip` FROM `onethink_menu` WHERE ( `group` = '物业' ) AND ( `pid` = 122 ) AND ( `hide` = 0 ) ORDER BY sort asc  [ RunTime:0.001000s ]
SQL: SELECT `id`,`pid`,`title`,`url`,`tip` FROM `onethink_menu` WHERE ( `group` = '' ) AND ( `pid` = 122 ) AND ( `hide` = 0 ) ORDER BY sort asc  [ RunTime:0.001001s ]
INFO: [ view_parse ] --START--
INFO: [ template_filter ] --START--
INFO: Run Behavior\ContentReplace [ RunTime:0.000000s ]
INFO: [ template_filter ] --END-- [ RunTime:0.000000s ]
INFO: Run Behavior\ParseTemplate [ RunTime:0.029001s ]
INFO: [ view_parse ] --END-- [ RunTime:0.029001s ]
INFO: [ view_filter ] --START--
INFO: Run Behavior\WriteHtmlCache [ RunTime:0.001000s ]
INFO: [ view_filter ] --END-- [ RunTime:0.001000s ]
INFO: [ app_end ] --START--
INFO: Run Behavior\ShowPageTrace [ RunTime:0.001000s ]
INFO: [ app_end ] --END-- [ RunTime:0.001000s ]

[ 2017-08-11T10:30:45+08:00 ] ::1 /onethink/index.php?s=/Admin/Repair/add.html
INFO: [ app_begin ] --START--
INFO: Run Behavior\ReadHtmlCache [ RunTime:0.001000s ]
INFO: [ app_begin ] --END-- [ RunTime:0.001000s ]
SQL: SHOW COLUMNS FROM `onethink_menu` [ RunTime:0.014001s ]
SQL: SELECT * FROM `onethink_menu` WHERE ( `pid` = 0 ) AND ( `hide` = 0 ) ORDER BY sort asc  [ RunTime:0.001000s ]
SQL: SELECT `id` FROM `onethink_menu` WHERE ( url like '%Repair/add%' ) LIMIT 1   [ RunTime:0.000000s ]
SQL: SHOW COLUMNS FROM `onethink_menu` [ RunTime:0.016001s ]
SQL: SELECT `id`,`pid`,`title` FROM `onethink_menu` WHERE ( id=124 ) LIMIT 1   [ RunTime:0.001000s ]
SQL: SELECT `id`,`pid`,`title` FROM `onethink_menu` WHERE ( id=122 ) LIMIT 1   [ RunTime:0.000000s ]
SQL: SELECT DISTINCT  `group` FROM `onethink_menu` WHERE ( pid = 122 )  [ RunTime:0.001000s ]
SQL: SELECT `id`,`url` FROM `onethink_menu` WHERE ( `pid` = 122 ) AND ( `hide` = 0 )  [ RunTime:0.000000s ]
SQL: SELECT `id`,`pid`,`title`,`url`,`tip` FROM `onethink_menu` WHERE ( `group` = '物业' ) AND ( `pid` = 122 ) AND ( `hide` = 0 ) ORDER BY sort asc  [ RunTime:0.001000s ]
SQL: SELECT `id`,`pid`,`title`,`url`,`tip` FROM `onethink_menu` WHERE ( `group` = '' ) AND ( `pid` = 122 ) AND ( `hide` = 0 ) ORDER BY sort asc  [ RunTime:0.001001s ]
SQL: SHOW COLUMNS FROM `onethink_repairs` [ RunTime:0.015000s ]

[ 2017-08-11T10:31:06+08:00 ] ::1 /onethink/index.php?s=/Admin/Repair/add.html
INFO: [ app_begin ] --START--
INFO: Run Behavior\ReadHtmlCache [ RunTime:0.001000s ]
INFO: [ app_begin ] --END-- [ RunTime:0.002000s ]
SQL: SHOW COLUMNS FROM `onethink_menu` [ RunTime:0.018001s ]
SQL: SELECT * FROM `onethink_menu` WHERE ( `pid` = 0 ) AND ( `hide` = 0 ) ORDER BY sort asc  [ RunTime:0.002000s ]
SQL: SELECT `id` FROM `onethink_menu` WHERE ( url like '%Repair/add%' ) LIMIT 1   [ RunTime:0.001000s ]
SQL: SHOW COLUMNS FROM `onethink_menu` [ RunTime:0.021002s ]
SQL: SELECT `id`,`pid`,`title` FROM `onethink_menu` WHERE ( id=124 ) LIMIT 1   [ RunTime:0.001000s ]
SQL: SELECT `id`,`pid`,`title` FROM `onethink_menu` WHERE ( id=122 ) LIMIT 1   [ RunTime:0.001000s ]
SQL: SELECT DISTINCT  `group` FROM `onethink_menu` WHERE ( pid = 122 )  [ RunTime:0.002000s ]
SQL: SELECT `id`,`url` FROM `onethink_menu` WHERE ( `pid` = 122 ) AND ( `hide` = 0 )  [ RunTime:0.001000s ]
SQL: SELECT `id`,`pid`,`title`,`url`,`tip` FROM `onethink_menu` WHERE ( `group` = '物业' ) AND ( `pid` = 122 ) AND ( `hide` = 0 ) ORDER BY sort asc  [ RunTime:0.001000s ]
SQL: SELECT `id`,`pid`,`title`,`url`,`tip` FROM `onethink_menu` WHERE ( `group` = '' ) AND ( `pid` = 122 ) AND ( `hide` = 0 ) ORDER BY sort asc  [ RunTime:0.001000s ]
SQL: SHOW COLUMNS FROM `onethink_repairs` [ RunTime:0.020002s ]
SQL: INSERT INTO `onethink_repairs` (`name`,`tel`,`address`,`question`,`content`,`status`,`id`,`sn`,`time`) VALUES ('赵世金','15289567412','是否是个','安抚',' 熬过去歌舞群而过',1,0,'php1502418666',1502418666) [ RunTime:0.071004s ]

[ 2017-08-11T10:31:08+08:00 ] ::1 /onethink/index.php?s=/Admin/Repair/index.html
SQL: SHOW COLUMNS FROM `onethink_menu` [ RunTime:0.019001s ]
SQL: SELECT * FROM `onethink_menu` WHERE ( `pid` = 0 ) AND ( `hide` = 0 ) ORDER BY sort asc  [ RunTime:0.001000s ]
SQL: SELECT `id` FROM `onethink_menu` WHERE ( url like '%Repair/index%' ) LIMIT 1   [ RunTime:0.000000s ]
SQL: SHOW COLUMNS FROM `onethink_menu` [ RunTime:0.015001s ]
SQL: SELECT `id`,`pid`,`title` FROM `onethink_menu` WHERE ( id=122 ) LIMIT 1   [ RunTime:0.001000s ]
SQL: SELECT DISTINCT  `group` FROM `onethink_menu` WHERE ( pid = 122 )  [ RunTime:0.001000s ]
SQL: SELECT `id`,`url` FROM `onethink_menu` WHERE ( `pid` = 122 ) AND ( `hide` = 0 )  [ RunTime:0.000000s ]
SQL: SELECT `id`,`pid`,`title`,`url`,`tip` FROM `onethink_menu` WHERE ( `group` = '物业' ) AND ( `pid` = 122 ) AND ( `hide` = 0 ) ORDER BY sort asc  [ RunTime:0.001000s ]
SQL: SELECT `id`,`pid`,`title`,`url`,`tip` FROM `onethink_menu` WHERE ( `group` = '' ) AND ( `pid` = 122 ) AND ( `hide` = 0 ) ORDER BY sort asc  [ RunTime:0.001000s ]
SQL: SHOW COLUMNS FROM `onethink_repairs` [ RunTime:0.015001s ]
SQL: SELECT * FROM `onethink_repairs` WHERE ( `status` > -1 )  [ RunTime:0.001000s ]
INFO: [ view_parse ] --START--
INFO: [ template_filter ] --START--
INFO: Run Behavior\ContentReplace [ RunTime:0.000000s ]
INFO: [ template_filter ] --END-- [ RunTime:0.000000s ]
NOTIC: [8] Undefined variable: vo D:\phpStudy\WWW\Onethink\Runtime\Cache\Admin\bebbb551f58430e1d7154d620e287755.php 第 126 行.
NOTIC: [8] Undefined variable: vo D:\phpStudy\WWW\Onethink\Runtime\Cache\Admin\bebbb551f58430e1d7154d620e287755.php 第 126 行.
NOTIC: [8] Undefined variable: vo D:\phpStudy\WWW\Onethink\Runtime\Cache\Admin\bebbb551f58430e1d7154d620e287755.php 第 126 行.
NOTIC: [8] Undefined variable: vo D:\phpStudy\WWW\Onethink\Runtime\Cache\Admin\bebbb551f58430e1d7154d620e287755.php 第 126 行.
NOTIC: [8] Undefined variable: vo D:\phpStudy\WWW\Onethink\Runtime\Cache\Admin\bebbb551f58430e1d7154d620e287755.php 第 126 行.
NOTIC: [8] Undefined variable: vo D:\phpStudy\WWW\Onethink\Runtime\Cache\Admin\bebbb551f58430e1d7154d620e287755.php 第 126 行.
INFO: Run Behavior\ParseTemplate [ RunTime:0.031002s ]
INFO: [ view_parse ] --END-- [ RunTime:0.031002s ]
INFO: [ view_filter ] --START--
INFO: Run Behavior\WriteHtmlCache [ RunTime:0.001000s ]
INFO: [ view_filter ] --END-- [ RunTime:0.001000s ]
INFO: [ app_end ] --START--
INFO: Run Behavior\ShowPageTrace [ RunTime:0.001000s ]
INFO: [ app_end ] --END-- [ RunTime:0.001000s ]

[ 2017-08-11T10:32:08+08:00 ] ::1 /onethink/index.php?s=/Admin/Repair/index.html
SQL: SHOW COLUMNS FROM `onethink_menu` [ RunTime:0.015001s ]
SQL: SELECT * FROM `onethink_menu` WHERE ( `pid` = 0 ) AND ( `hide` = 0 ) ORDER BY sort asc  [ RunTime:0.001000s ]
SQL: SELECT `id` FROM `onethink_menu` WHERE ( url like '%Repair/index%' ) LIMIT 1   [ RunTime:0.001000s ]
SQL: SHOW COLUMNS FROM `onethink_menu` [ RunTime:0.015001s ]
SQL: SELECT `id`,`pid`,`title` FROM `onethink_menu` WHERE ( id=122 ) LIMIT 1   [ RunTime:0.000000s ]
SQL: SELECT DISTINCT  `group` FROM `onethink_menu` WHERE ( pid = 122 )  [ RunTime:0.001000s ]
SQL: SELECT `id`,`url` FROM `onethink_menu` WHERE ( `pid` = 122 ) AND ( `hide` = 0 )  [ RunTime:0.001000s ]
SQL: SELECT `id`,`pid`,`title`,`url`,`tip` FROM `onethink_menu` WHERE ( `group` = '物业' ) AND ( `pid` = 122 ) AND ( `hide` = 0 ) ORDER BY sort asc  [ RunTime:0.001000s ]
SQL: SELECT `id`,`pid`,`title`,`url`,`tip` FROM `onethink_menu` WHERE ( `group` = '' ) AND ( `pid` = 122 ) AND ( `hide` = 0 ) ORDER BY sort asc  [ RunTime:0.000000s ]
SQL: SHOW COLUMNS FROM `onethink_repairs` [ RunTime:0.015001s ]
SQL: SELECT * FROM `onethink_repairs` WHERE ( `status` > -1 )  [ RunTime:0.001000s ]
INFO: [ view_parse ] --START--
INFO: [ template_filter ] --START--
INFO: Run Behavior\ContentReplace [ RunTime:0.000000s ]
INFO: [ template_filter ] --END-- [ RunTime:0.000000s ]
NOTIC: [8] Undefined variable: vo D:\phpStudy\WWW\Onethink\Runtime\Cache\Admin\bebbb551f58430e1d7154d620e287755.php 第 127 行.
NOTIC: [8] Undefined variable: vo D:\phpStudy\WWW\Onethink\Runtime\Cache\Admin\bebbb551f58430e1d7154d620e287755.php 第 127 行.
NOTIC: [8] Undefined variable: vo D:\phpStudy\WWW\Onethink\Runtime\Cache\Admin\bebbb551f58430e1d7154d620e287755.php 第 127 行.
NOTIC: [8] Undefined variable: vo D:\phpStudy\WWW\Onethink\Runtime\Cache\Admin\bebbb551f58430e1d7154d620e287755.php 第 127 行.
NOTIC: [8] Undefined variable: vo D:\phpStudy\WWW\Onethink\Runtime\Cache\Admin\bebbb551f58430e1d7154d620e287755.php 第 127 行.
NOTIC: [8] Undefined variable: vo D:\phpStudy\WWW\Onethink\Runtime\Cache\Admin\bebbb551f58430e1d7154d620e287755.php 第 127 行.
INFO: Run Behavior\ParseTemplate [ RunTime:0.031002s ]
INFO: [ view_parse ] --END-- [ RunTime:0.031002s ]
INFO: [ view_filter ] --START--
INFO: Run Behavior\WriteHtmlCache [ RunTime:0.001000s ]
INFO: [ view_filter ] --END-- [ RunTime:0.001000s ]
INFO: [ app_end ] --START--
INFO: Run Behavior\ShowPageTrace [ RunTime:0.001000s ]
INFO: [ app_end ] --END-- [ RunTime:0.001000s ]

